<?xml version="1.0" encoding="UTF-8"?>
<!-- Generated by org.testng.reporters.JUnitReportReporter -->
<testsuite hostname="LAPTOP-ARDMREGG" failures="0" tests="2" name="SimpleFormDemo.SimpleFormDemo" time="75.957" errors="0" timestamp="2024-06-03T13:49:28 IST" skipped="0">
  <testcase classname="SimpleFormDemo.SimpleFormDemo" name="TestScenario1" time="35.355"/>
  <system-out/>
  <testcase classname="SimpleFormDemo.SimpleFormDemo" name="TestScenario1" time="40.602"/>
  <system-out/>
</testsuite> <!-- SimpleFormDemo.SimpleFormDemo -->
