<?xml version="1.0" encoding="UTF-8"?>
<!-- Generated by org.testng.reporters.JUnitReportReporter -->
<testsuite hostname="LAPTOP-ARDMREGG" failures="0" tests="2" name="InputFormSubmit.InputFormSubmit" time="84.954" errors="0" timestamp="2024-06-03T13:49:28 IST" skipped="0">
  <testcase classname="InputFormSubmit.InputFormSubmit" name="TestScenario3" time="43.942"/>
  <system-out/>
  <testcase classname="InputFormSubmit.InputFormSubmit" name="TestScenario3" time="41.012"/>
  <system-out/>
</testsuite> <!-- InputFormSubmit.InputFormSubmit -->
