<?xml version="1.0" encoding="UTF-8"?>
<!-- Generated by org.testng.reporters.JUnitReportReporter -->
<testsuite hostname="LAPTOP-ARDMREGG" failures="0" tests="2" name="DragAndDropSliders.DragAndDropSlider" time="23.612" errors="0" timestamp="2024-06-03T13:49:28 IST" skipped="0">
  <testcase classname="DragAndDropSliders.DragAndDropSlider" name="TestScenario2" time="10.963"/>
  <system-out/>
  <testcase classname="DragAndDropSliders.DragAndDropSlider" name="TestScenario2" time="12.649"/>
  <system-out/>
</testsuite> <!-- DragAndDropSliders.DragAndDropSlider -->
